<?xml version="1.0" encoding="utf-8"?><testsuites name="pytest tests"><testsuite name="pytest" errors="0" failures="0" skipped="0" tests="14" time="70.033" timestamp="2025-08-20T17:42:42.666844+02:00" hostname="DESKTOP-P76QT0C"><testcase classname="tests.test_epic1_e2e_integration.TestE2EHistoricalDataPipeline" name="test_001_historical_pipeline" time="3.916" /><testcase classname="tests.test_epic1_e2e_integration.TestE2EHistoricalDataPipeline" name="test_002_streaming_pipeline" time="18.008" /><testcase classname="tests.test_epic1_e2e_integration.TestE2EHistoricalDataPipeline" name="test_003_api_ingestion_pipeline" time="5.997" /><testcase classname="tests.test_epic1_e2e_integration.TestE2EServiceIntegration" name="test_004_service_coordination" time="6.977" /><testcase classname="tests.test_epic1_e2e_integration.TestE2EServiceIntegration" name="test_005_concurrent_operations" time="7.047" /><testcase classname="tests.test_epic1_e2e_integration.TestE2EPerformanceValidation" name="test_008_load_testing" time="5.238" /><testcase classname="tests.test_epic1_e2e_integration.TestE2EPerformanceValidation" name="test_008_enhanced_load_testing" time="18.113" /><testcase classname="tests.test_epic1_e2e_integration.TestE2ESecurityValidation" name="test_006_api_security_testing" time="0.017" /><testcase classname="tests.test_epic1_e2e_integration.TestE2ESecurityValidation" name="test_007_data_privacy_validation" time="0.001" /><testcase classname="tests.test_epic1_e2e_integration.TestE2EStressValidation" name="test_009_stress_testing" time="0.143" /><testcase classname="tests.test_epic1_e2e_integration.TestE2EInfrastructureIntegration" name="test_012_infrastructure_integration" time="0.018" /><testcase classname="tests.test_epic1_e2e_integration.TestE2EProductionReadiness" name="test_010_deployment_validation" time="0.018" /><testcase classname="tests.test_epic1_e2e_integration.TestE2EProductionReadiness" name="test_011_operational_readiness" time="1.001" /><testcase classname="tests.test_epic1_e2e_integration.TestE2EProductionReadiness" name="test_013_comprehensive_e2e_validation" time="0.694" /></testsuite></testsuites>